0 verbose cli [ '/usr/bin/node', '/usr/bin/npm', 'install', '-g', 'less' ]
1 info using npm@8.5.1
2 info using node@v12.22.9
3 timing npm:load:whichnode Completed in 0ms
4 timing config:load:defaults Completed in 1ms
5 timing config:load:file:/usr/share/nodejs/npm/npmrc Completed in 1ms
6 timing config:load:builtin Completed in 1ms
7 timing config:load:cli Completed in 2ms
8 timing config:load:env Completed in 0ms
9 timing config:load:project Completed in 1ms
10 timing config:load:file:/root/.npmrc Completed in 0ms
11 timing config:load:user Completed in 0ms
12 timing config:load:file:/etc/npmrc Completed in 0ms
13 timing config:load:global Completed in 0ms
14 timing config:load:validate Completed in 0ms
15 timing config:load:credentials Completed in 0ms
16 timing config:load:setEnvs Completed in 1ms
17 timing config:load Completed in 7ms
18 timing npm:load:configload Completed in 8ms
19 timing npm:load:setTitle Completed in 0ms
20 timing config:load:flatten Completed in 2ms
21 timing npm:load:display Completed in 4ms
22 verbose logfile /root/.npm/_logs/2024-01-16T08_35_09_269Z-debug-0.log
23 timing npm:load:logFile Completed in 3ms
24 timing npm:load:timers Completed in 0ms
25 timing npm:load:configScope Completed in 0ms
26 timing npm:load Completed in 16ms
27 timing arborist:ctor Completed in 1ms
28 timing idealTree:init Completed in 5ms
29 timing idealTree:userRequests Completed in 2ms
30 silly idealTree buildDeps
31 silly fetch manifest less@*
32 http fetch GET 200 https://registry.npmjs.org/less 183ms (cache miss)
33 silly placeDep ROOT less@4.2.0 OK for:  want: *
34 silly fetch manifest copy-anything@^2.0.1
35 silly fetch manifest parse-node-version@^1.0.1
36 silly fetch manifest tslib@^2.3.0
37 silly fetch manifest errno@^0.1.1
38 silly fetch manifest graceful-fs@^4.1.2
39 silly fetch manifest image-size@~0.5.0
40 silly fetch manifest make-dir@^2.1.0
41 silly fetch manifest mime@^1.4.1
42 silly fetch manifest needle@^3.1.0
43 silly fetch manifest source-map@~0.6.0
44 http fetch GET 200 https://registry.npmjs.org/copy-anything 140ms (cache miss)
45 http fetch GET 200 https://registry.npmjs.org/errno 149ms (cache miss)
46 http fetch GET 200 https://registry.npmjs.org/source-map 179ms (cache miss)
47 http fetch GET 200 https://registry.npmjs.org/make-dir 183ms (cache miss)
48 http fetch GET 200 https://registry.npmjs.org/parse-node-version 188ms (cache miss)
49 http fetch GET 200 https://registry.npmjs.org/mime 184ms (cache miss)
50 http fetch GET 200 https://registry.npmjs.org/graceful-fs 188ms (cache miss)
51 http fetch GET 200 https://registry.npmjs.org/tslib 191ms (cache miss)
52 http fetch GET 200 https://registry.npmjs.org/image-size 190ms (cache miss)
53 http fetch GET 200 https://registry.npmjs.org/needle 201ms (cache miss)
54 timing idealTree:#root Completed in 401ms
55 silly placeDep node_modules/less copy-anything@2.0.6 OK for: less@4.2.0 want: ^2.0.1
56 silly placeDep node_modules/less errno@0.1.8 OK for: less@4.2.0 want: ^0.1.1
57 silly placeDep node_modules/less graceful-fs@4.2.11 OK for: less@4.2.0 want: ^4.1.2
58 silly placeDep node_modules/less image-size@0.5.5 OK for: less@4.2.0 want: ~0.5.0
59 silly placeDep node_modules/less make-dir@2.1.0 OK for: less@4.2.0 want: ^2.1.0
60 silly placeDep node_modules/less mime@1.6.0 OK for: less@4.2.0 want: ^1.4.1
61 silly placeDep node_modules/less needle@3.3.1 OK for: less@4.2.0 want: ^3.1.0
62 silly placeDep node_modules/less parse-node-version@1.0.1 OK for: less@4.2.0 want: ^1.0.1
63 silly placeDep node_modules/less source-map@0.6.1 OK for: less@4.2.0 want: ~0.6.0
64 silly placeDep node_modules/less tslib@2.6.2 OK for: less@4.2.0 want: ^2.3.0
65 silly fetch manifest is-what@^3.14.1
66 silly fetch manifest prr@~1.0.1
67 silly fetch manifest pify@^4.0.1
68 silly fetch manifest semver@^5.6.0
69 silly fetch manifest iconv-lite@^0.6.3
70 silly fetch manifest sax@^1.2.4
71 http fetch GET 200 https://registry.npmjs.org/pify 119ms (cache miss)
72 http fetch GET 200 https://registry.npmjs.org/iconv-lite 127ms (cache miss)
73 http fetch GET 200 https://registry.npmjs.org/prr 130ms (cache miss)
74 http fetch GET 200 https://registry.npmjs.org/is-what 131ms (cache miss)
75 http fetch GET 200 https://registry.npmjs.org/sax 133ms (cache miss)
76 http fetch GET 200 https://registry.npmjs.org/semver 327ms (cache miss)
77 timing idealTree:node_modules/less Completed in 348ms
78 silly placeDep node_modules/less is-what@3.14.1 OK for: copy-anything@2.0.6 want: ^3.14.1
79 timing idealTree:node_modules/less/node_modules/copy-anything Completed in 2ms
80 silly placeDep node_modules/less prr@1.0.1 OK for: errno@0.1.8 want: ~1.0.1
81 timing idealTree:node_modules/less/node_modules/errno Completed in 1ms
82 timing idealTree:node_modules/less/node_modules/graceful-fs Completed in 0ms
83 timing idealTree:node_modules/less/node_modules/image-size Completed in 0ms
84 timing idealTree:node_modules/less/node_modules/is-what Completed in 1ms
85 silly placeDep node_modules/less pify@4.0.1 OK for: make-dir@2.1.0 want: ^4.0.1
86 silly placeDep node_modules/less semver@5.7.2 OK for: make-dir@2.1.0 want: ^5.6.0
87 timing idealTree:node_modules/less/node_modules/make-dir Completed in 3ms
88 timing idealTree:node_modules/less/node_modules/mime Completed in 0ms
89 silly placeDep node_modules/less iconv-lite@0.6.3 OK for: needle@3.3.1 want: ^0.6.3
90 silly placeDep node_modules/less sax@1.3.0 OK for: needle@3.3.1 want: ^1.2.4
91 silly fetch manifest safer-buffer@>= 2.1.2 < 3.0.0
92 http fetch GET 200 https://registry.npmjs.org/safer-buffer 123ms (cache miss)
93 timing idealTree:node_modules/less/node_modules/needle Completed in 127ms
94 silly placeDep node_modules/less safer-buffer@2.1.2 OK for: iconv-lite@0.6.3 want: >= 2.1.2 < 3.0.0
95 timing idealTree:node_modules/less/node_modules/iconv-lite Completed in 1ms
96 timing idealTree:node_modules/less/node_modules/parse-node-version Completed in 0ms
97 timing idealTree:node_modules/less/node_modules/pify Completed in 0ms
98 timing idealTree:node_modules/less/node_modules/prr Completed in 0ms
99 timing idealTree:node_modules/less/node_modules/safer-buffer Completed in 0ms
100 timing idealTree:node_modules/less/node_modules/sax Completed in 0ms
101 timing idealTree:node_modules/less/node_modules/semver Completed in 0ms
102 timing idealTree:node_modules/less/node_modules/source-map Completed in 0ms
103 timing idealTree:node_modules/less/node_modules/tslib Completed in 0ms
104 timing idealTree:buildDeps Completed in 887ms
105 timing idealTree:fixDepFlags Completed in 0ms
106 timing idealTree Completed in 895ms
107 timing reify:loadTrees Completed in 897ms
108 timing reify:diffTrees Completed in 1ms
109 silly reify moves {}
110 timing reify:retireShallow Completed in 0ms
111 timing reify:createSparse Completed in 4ms
112 timing reify:loadBundles Completed in 0ms
113 silly audit bulk request {
113 silly audit   less: [ '4.2.0' ],
113 silly audit   'copy-anything': [ '2.0.6' ],
113 silly audit   errno: [ '0.1.8' ],
113 silly audit   'graceful-fs': [ '4.2.11' ],
113 silly audit   'image-size': [ '0.5.5' ],
113 silly audit   'make-dir': [ '2.1.0' ],
113 silly audit   mime: [ '1.6.0' ],
113 silly audit   needle: [ '3.3.1' ],
113 silly audit   'parse-node-version': [ '1.0.1' ],
113 silly audit   'source-map': [ '0.6.1' ],
113 silly audit   tslib: [ '2.6.2' ],
113 silly audit   'is-what': [ '3.14.1' ],
113 silly audit   prr: [ '1.0.1' ],
113 silly audit   pify: [ '4.0.1' ],
113 silly audit   semver: [ '5.7.2' ],
113 silly audit   'iconv-lite': [ '0.6.3' ],
113 silly audit   sax: [ '1.3.0' ],
113 silly audit   'safer-buffer': [ '2.1.2' ]
113 silly audit }
114 silly tarball no local data for less@https://registry.npmjs.org/less/-/less-4.2.0.tgz. Extracting by manifest.
115 silly tarball no local data for safer-buffer@https://registry.npmjs.org/safer-buffer/-/safer-buffer-2.1.2.tgz. Extracting by manifest.
116 silly tarball no local data for sax@https://registry.npmjs.org/sax/-/sax-1.3.0.tgz. Extracting by manifest.
117 silly tarball no local data for iconv-lite@https://registry.npmjs.org/iconv-lite/-/iconv-lite-0.6.3.tgz. Extracting by manifest.
118 silly tarball no local data for semver@https://registry.npmjs.org/semver/-/semver-5.7.2.tgz. Extracting by manifest.
119 silly tarball no local data for pify@https://registry.npmjs.org/pify/-/pify-4.0.1.tgz. Extracting by manifest.
120 silly tarball no local data for prr@https://registry.npmjs.org/prr/-/prr-1.0.1.tgz. Extracting by manifest.
121 silly tarball no local data for is-what@https://registry.npmjs.org/is-what/-/is-what-3.14.1.tgz. Extracting by manifest.
122 silly tarball no local data for tslib@https://registry.npmjs.org/tslib/-/tslib-2.6.2.tgz. Extracting by manifest.
123 silly tarball no local data for source-map@https://registry.npmjs.org/source-map/-/source-map-0.6.1.tgz. Extracting by manifest.
124 silly tarball no local data for parse-node-version@https://registry.npmjs.org/parse-node-version/-/parse-node-version-1.0.1.tgz. Extracting by manifest.
125 silly tarball no local data for needle@https://registry.npmjs.org/needle/-/needle-3.3.1.tgz. Extracting by manifest.
126 silly tarball no local data for mime@https://registry.npmjs.org/mime/-/mime-1.6.0.tgz. Extracting by manifest.
127 silly tarball no local data for make-dir@https://registry.npmjs.org/make-dir/-/make-dir-2.1.0.tgz. Extracting by manifest.
128 silly tarball no local data for image-size@https://registry.npmjs.org/image-size/-/image-size-0.5.5.tgz. Extracting by manifest.
129 silly tarball no local data for graceful-fs@https://registry.npmjs.org/graceful-fs/-/graceful-fs-4.2.11.tgz. Extracting by manifest.
130 silly tarball no local data for errno@https://registry.npmjs.org/errno/-/errno-0.1.8.tgz. Extracting by manifest.
131 silly tarball no local data for copy-anything@https://registry.npmjs.org/copy-anything/-/copy-anything-2.0.6.tgz. Extracting by manifest.
132 http fetch GET 200 https://registry.npmjs.org/pify/-/pify-4.0.1.tgz 144ms (cache miss)
133 timing reifyNode:node_modules/less/node_modules/pify Completed in 178ms
134 http fetch GET 200 https://registry.npmjs.org/prr/-/prr-1.0.1.tgz 143ms (cache miss)
135 timing reifyNode:node_modules/less/node_modules/prr Completed in 181ms
136 http fetch GET 200 https://registry.npmjs.org/copy-anything/-/copy-anything-2.0.6.tgz 107ms (cache miss)
137 timing reifyNode:node_modules/less/node_modules/copy-anything Completed in 191ms
138 http fetch GET 200 https://registry.npmjs.org/semver/-/semver-5.7.2.tgz 163ms (cache miss)
139 timing reifyNode:node_modules/less/node_modules/semver Completed in 194ms
140 http fetch GET 200 https://registry.npmjs.org/image-size/-/image-size-0.5.5.tgz 124ms (cache miss)
141 timing reifyNode:node_modules/less/node_modules/image-size Completed in 197ms
142 http fetch GET 200 https://registry.npmjs.org/safer-buffer/-/safer-buffer-2.1.2.tgz 181ms (cache miss)
143 timing reifyNode:node_modules/less/node_modules/safer-buffer Completed in 201ms
144 http fetch GET 200 https://registry.npmjs.org/sax/-/sax-1.3.0.tgz 184ms (cache miss)
145 timing reifyNode:node_modules/less/node_modules/sax Completed in 206ms
146 http fetch GET 200 https://registry.npmjs.org/is-what/-/is-what-3.14.1.tgz 162ms (cache miss)
147 timing reifyNode:node_modules/less/node_modules/is-what Completed in 208ms
148 http fetch GET 200 https://registry.npmjs.org/make-dir/-/make-dir-2.1.0.tgz 143ms (cache miss)
149 timing reifyNode:node_modules/less/node_modules/make-dir Completed in 213ms
150 http fetch GET 200 https://registry.npmjs.org/parse-node-version/-/parse-node-version-1.0.1.tgz 157ms (cache miss)
151 timing reifyNode:node_modules/less/node_modules/parse-node-version Completed in 216ms
152 http fetch GET 200 https://registry.npmjs.org/errno/-/errno-0.1.8.tgz 140ms (cache miss)
153 timing reifyNode:node_modules/less/node_modules/errno Completed in 221ms
154 http fetch GET 200 https://registry.npmjs.org/graceful-fs/-/graceful-fs-4.2.11.tgz 144ms (cache miss)
155 timing reifyNode:node_modules/less/node_modules/graceful-fs Completed in 223ms
156 http fetch GET 200 https://registry.npmjs.org/tslib/-/tslib-2.6.2.tgz 176ms (cache miss)
157 timing reifyNode:node_modules/less/node_modules/tslib Completed in 225ms
158 http fetch GET 200 https://registry.npmjs.org/mime/-/mime-1.6.0.tgz 168ms (cache miss)
159 timing reifyNode:node_modules/less/node_modules/mime Completed in 234ms
160 http fetch GET 200 https://registry.npmjs.org/iconv-lite/-/iconv-lite-0.6.3.tgz 219ms (cache miss)
161 timing reifyNode:node_modules/less/node_modules/iconv-lite Completed in 246ms
162 http fetch GET 200 https://registry.npmjs.org/source-map/-/source-map-0.6.1.tgz 220ms (cache miss)
163 timing reifyNode:node_modules/less/node_modules/source-map Completed in 272ms
164 http fetch GET 200 https://registry.npmjs.org/needle/-/needle-3.3.1.tgz 231ms (cache miss)
165 timing reifyNode:node_modules/less/node_modules/needle Completed in 294ms
166 http fetch POST 200 https://registry.npmjs.org/-/npm/v1/security/advisories/bulk 383ms
167 timing auditReport:getReport Completed in 384ms
168 silly audit report {}
169 timing auditReport:init Completed in 0ms
170 timing reify:audit Completed in 384ms
171 http fetch GET 200 https://registry.npmjs.org/less/-/less-4.2.0.tgz 375ms (cache miss)
172 timing reifyNode:node_modules/less Completed in 390ms
173 timing reify:unpack Completed in 390ms
174 timing reify:unretire Completed in 0ms
175 timing build:queue Completed in 1ms
176 timing build:link:node_modules/less Completed in 2ms
177 timing build:link:node_modules/less/node_modules/errno Completed in 2ms
178 timing build:link:node_modules/less/node_modules/image-size Completed in 2ms
179 timing build:link:node_modules/less/node_modules/mime Completed in 2ms
180 timing build:link:node_modules/less/node_modules/needle Completed in 2ms
181 timing build:link:node_modules/less/node_modules/semver Completed in 2ms
182 timing build:link Completed in 2ms
183 timing build:deps Completed in 4ms
184 timing build Completed in 4ms
185 timing reify:build Completed in 6ms
186 timing reify:trash Completed in 0ms
187 timing reify Completed in 1316ms
188 silly ADD node_modules/less
189 silly ADD node_modules/less/node_modules/safer-buffer
190 silly ADD node_modules/less/node_modules/sax
191 silly ADD node_modules/less/node_modules/iconv-lite
192 silly ADD node_modules/less/node_modules/semver
193 silly ADD node_modules/less/node_modules/pify
194 silly ADD node_modules/less/node_modules/prr
195 silly ADD node_modules/less/node_modules/is-what
196 silly ADD node_modules/less/node_modules/tslib
197 silly ADD node_modules/less/node_modules/source-map
198 silly ADD node_modules/less/node_modules/parse-node-version
199 silly ADD node_modules/less/node_modules/needle
200 silly ADD node_modules/less/node_modules/mime
201 silly ADD node_modules/less/node_modules/make-dir
202 silly ADD node_modules/less/node_modules/image-size
203 silly ADD node_modules/less/node_modules/graceful-fs
204 silly ADD node_modules/less/node_modules/errno
205 silly ADD node_modules/less/node_modules/copy-anything
206 timing command:install Completed in 1322ms
207 verbose exit 0
208 timing npm Completed in 1478ms
209 info ok
