0 verbose cli [
0 verbose cli   '/usr/bin/node',
0 verbose cli   '/usr/bin/npm',
0 verbose cli   'install',
0 verbose cli   '-g',
0 verbose cli   'less-plugin-clean-css'
0 verbose cli ]
1 info using npm@8.5.1
2 info using node@v12.22.9
3 timing npm:load:whichnode Completed in 0ms
4 timing config:load:defaults Completed in 1ms
5 timing config:load:file:/usr/share/nodejs/npm/npmrc Completed in 1ms
6 timing config:load:builtin Completed in 1ms
7 timing config:load:cli Completed in 2ms
8 timing config:load:env Completed in 0ms
9 timing config:load:project Completed in 1ms
10 timing config:load:file:/root/.npmrc Completed in 0ms
11 timing config:load:user Completed in 1ms
12 timing config:load:file:/etc/npmrc Completed in 0ms
13 timing config:load:global Completed in 0ms
14 timing config:load:validate Completed in 0ms
15 timing config:load:credentials Completed in 0ms
16 timing config:load:setEnvs Completed in 1ms
17 timing config:load Completed in 7ms
18 timing npm:load:configload Completed in 8ms
19 timing npm:load:setTitle Completed in 1ms
20 timing config:load:flatten Completed in 2ms
21 timing npm:load:display Completed in 3ms
22 verbose logfile /root/.npm/_logs/2024-01-16T08_35_10_907Z-debug-0.log
23 timing npm:load:logFile Completed in 3ms
24 timing npm:load:timers Completed in 0ms
25 timing npm:load:configScope Completed in 0ms
26 timing npm:load Completed in 16ms
27 timing arborist:ctor Completed in 1ms
28 timing idealTree:init Completed in 8ms
29 timing idealTree:userRequests Completed in 4ms
30 silly idealTree buildDeps
31 silly fetch manifest less-plugin-clean-css@*
32 http fetch GET 200 https://registry.npmjs.org/less-plugin-clean-css 820ms (cache miss)
33 silly placeDep ROOT less-plugin-clean-css@1.5.1 OK for:  want: *
34 silly fetch manifest clean-css@^3.0.1
35 http fetch GET 200 https://registry.npmjs.org/clean-css 116ms (cache miss)
36 timing idealTree:#root Completed in 950ms
37 silly placeDep node_modules/less-plugin-clean-css clean-css@3.4.28 OK for: less-plugin-clean-css@1.5.1 want: ^3.0.1
38 silly fetch manifest commander@2.8.x
39 silly fetch manifest source-map@0.4.x
40 http fetch GET 200 https://registry.npmjs.org/source-map 42ms (cache miss)
41 http fetch GET 200 https://registry.npmjs.org/commander 124ms (cache miss)
42 timing idealTree:node_modules/less-plugin-clean-css Completed in 130ms
43 silly placeDep node_modules/less-plugin-clean-css commander@2.8.1 OK for: clean-css@3.4.28 want: 2.8.x
44 silly placeDep node_modules/less-plugin-clean-css source-map@0.4.4 OK for: clean-css@3.4.28 want: 0.4.x
45 silly fetch manifest graceful-readlink@>= 1.0.0
46 silly fetch manifest amdefine@>=0.0.4
47 http fetch GET 200 https://registry.npmjs.org/graceful-readlink 111ms (cache miss)
48 http fetch GET 200 https://registry.npmjs.org/amdefine 805ms (cache miss)
49 timing idealTree:node_modules/less-plugin-clean-css/node_modules/clean-css Completed in 810ms
50 silly placeDep node_modules/less-plugin-clean-css graceful-readlink@1.0.1 OK for: commander@2.8.1 want: >= 1.0.0
51 timing idealTree:node_modules/less-plugin-clean-css/node_modules/commander Completed in 3ms
52 timing idealTree:node_modules/less-plugin-clean-css/node_modules/graceful-readlink Completed in 0ms
53 silly placeDep node_modules/less-plugin-clean-css amdefine@1.0.1 OK for: source-map@0.4.4 want: >=0.0.4
54 timing idealTree:node_modules/less-plugin-clean-css/node_modules/source-map Completed in 2ms
55 timing idealTree:node_modules/less-plugin-clean-css/node_modules/amdefine Completed in 0ms
56 timing idealTree:buildDeps Completed in 1896ms
57 timing idealTree:fixDepFlags Completed in 1ms
58 timing idealTree Completed in 1909ms
59 timing reify:loadTrees Completed in 1911ms
60 timing reify:diffTrees Completed in 1ms
61 silly reify moves {}
62 timing reify:retireShallow Completed in 1ms
63 timing reify:createSparse Completed in 2ms
64 timing reify:loadBundles Completed in 0ms
65 silly audit bulk request {
65 silly audit   'less-plugin-clean-css': [ '1.5.1' ],
65 silly audit   'clean-css': [ '3.4.28' ],
65 silly audit   commander: [ '2.8.1' ],
65 silly audit   'source-map': [ '0.4.4' ],
65 silly audit   'graceful-readlink': [ '1.0.1' ],
65 silly audit   amdefine: [ '1.0.1' ]
65 silly audit }
66 silly tarball no local data for less-plugin-clean-css@https://registry.npmjs.org/less-plugin-clean-css/-/less-plugin-clean-css-1.5.1.tgz. Extracting by manifest.
67 silly tarball no local data for amdefine@https://registry.npmjs.org/amdefine/-/amdefine-1.0.1.tgz. Extracting by manifest.
68 silly tarball no local data for graceful-readlink@https://registry.npmjs.org/graceful-readlink/-/graceful-readlink-1.0.1.tgz. Extracting by manifest.
69 silly tarball no local data for source-map@https://registry.npmjs.org/source-map/-/source-map-0.4.4.tgz. Extracting by manifest.
70 silly tarball no local data for commander@https://registry.npmjs.org/commander/-/commander-2.8.1.tgz. Extracting by manifest.
71 silly tarball no local data for clean-css@https://registry.npmjs.org/clean-css/-/clean-css-3.4.28.tgz. Extracting by manifest.
72 http fetch GET 200 https://registry.npmjs.org/amdefine/-/amdefine-1.0.1.tgz 102ms (cache miss)
73 timing reifyNode:node_modules/less-plugin-clean-css/node_modules/amdefine Completed in 115ms
74 http fetch GET 200 https://registry.npmjs.org/less-plugin-clean-css/-/less-plugin-clean-css-1.5.1.tgz 135ms (cache miss)
75 timing reifyNode:node_modules/less-plugin-clean-css Completed in 143ms
76 http fetch GET 200 https://registry.npmjs.org/commander/-/commander-2.8.1.tgz 161ms (cache miss)
77 timing reifyNode:node_modules/less-plugin-clean-css/node_modules/commander Completed in 187ms
78 http fetch GET 200 https://registry.npmjs.org/graceful-readlink/-/graceful-readlink-1.0.1.tgz 175ms (cache miss)
79 timing reifyNode:node_modules/less-plugin-clean-css/node_modules/graceful-readlink Completed in 192ms
80 http fetch GET 200 https://registry.npmjs.org/source-map/-/source-map-0.4.4.tgz 189ms (cache miss)
81 timing reifyNode:node_modules/less-plugin-clean-css/node_modules/source-map Completed in 209ms
82 http fetch GET 200 https://registry.npmjs.org/clean-css/-/clean-css-3.4.28.tgz 190ms (cache miss)
83 timing reifyNode:node_modules/less-plugin-clean-css/node_modules/clean-css Completed in 224ms
84 timing reify:unpack Completed in 226ms
85 timing reify:unretire Completed in 0ms
86 timing build:queue Completed in 1ms
87 timing build:link:node_modules/less-plugin-clean-css/node_modules/clean-css Completed in 4ms
88 timing build:link Completed in 4ms
89 timing build:deps Completed in 5ms
90 timing build Completed in 5ms
91 timing reify:build Completed in 5ms
92 timing reify:trash Completed in 0ms
93 http fetch POST 200 https://registry.npmjs.org/-/npm/v1/security/advisories/bulk 384ms
94 timing auditReport:getReport Completed in 386ms
95 silly audit report {
95 silly audit report   'clean-css': [
95 silly audit report     {
95 silly audit report       id: 1091669,
95 silly audit report       url: 'https://github.com/advisories/GHSA-wxhq-pm8v-cw75',
95 silly audit report       title: 'Regular Expression Denial of Service in clean-css',
95 silly audit report       severity: 'low',
95 silly audit report       vulnerable_versions: '<4.1.11',
95 silly audit report       cwe: [Array],
95 silly audit report       cvss: [Object]
95 silly audit report     }
95 silly audit report   ]
95 silly audit report }
96 timing metavuln:packument:clean-css Completed in 1ms
97 timing metavuln:cache:get:security-advisory:clean-css:iMGvPnQPibsv5sFRVwiwq5tChAgPgMixbCiMVnE7uOtiV7ihb7wX2nCVu/GtFsPTjz/NWWlr2eQ3/hntNL0aVQ== Completed in 1ms
98 timing metavuln:load:security-advisory:clean-css:1091669 Completed in 9ms
99 timing metavuln:cache:put:security-advisory:clean-css:iMGvPnQPibsv5sFRVwiwq5tChAgPgMixbCiMVnE7uOtiV7ihb7wX2nCVu/GtFsPTjz/NWWlr2eQ3/hntNL0aVQ== Completed in 3ms
100 timing metavuln:calculate:security-advisory:clean-css:1091669 Completed in 13ms
101 timing auditReport:init Completed in 23ms
102 timing reify:audit Completed in 409ms
103 timing reify Completed in 2337ms
104 silly ADD node_modules/less-plugin-clean-css
105 silly ADD node_modules/less-plugin-clean-css/node_modules/amdefine
106 silly ADD node_modules/less-plugin-clean-css/node_modules/graceful-readlink
107 silly ADD node_modules/less-plugin-clean-css/node_modules/source-map
108 silly ADD node_modules/less-plugin-clean-css/node_modules/commander
109 silly ADD node_modules/less-plugin-clean-css/node_modules/clean-css
110 timing command:install Completed in 2345ms
111 verbose exit 0
112 timing npm Completed in 2502ms
113 info ok
